<?xml version="1.0" encoding="UTF-8"?>
<!-- Generated by org.testng.reporters.JUnitReportReporter -->
<testsuite hostname="debian-sleeptowait" failures="0" tests="1" name="tests.PasswordManagerSearchEntryByUsernameTest" time="3.392" errors="0" timestamp="2021-11-19T11:41:08 CET" skipped="0">
  <testcase classname="tests.PasswordManagerSearchEntryByUsernameTest" name="testPasswordManagerSearchEntryByUsername" time="3.392"/>
  <system-out/>
</testsuite> <!-- tests.PasswordManagerSearchEntryByUsernameTest -->
