<?xml version="1.0" encoding="UTF-8"?>
<!-- Generated by org.testng.reporters.JUnitReportReporter -->
<testsuite hostname="debian-sleeptowait" failures="0" tests="1" name="tests.PasswordManagerRemoveMultipleEntriesTest" time="6.422" errors="0" timestamp="2021-11-19T11:41:08 CET" skipped="0">
  <testcase classname="tests.PasswordManagerRemoveMultipleEntriesTest" name="testPasswordManagerRemoveMultipleEntries" time="6.422"/>
  <system-out/>
</testsuite> <!-- tests.PasswordManagerRemoveMultipleEntriesTest -->
