<?xml version="1.0" encoding="UTF-8"?>
<!-- Generated by org.testng.reporters.JUnitReportReporter -->
<testsuite hostname="debian-sleeptowait" failures="0" tests="1" name="tests.PasswordManagerRemoveEntryTest" time="1.253" errors="0" timestamp="2021-11-19T11:41:08 CET" skipped="0">
  <testcase classname="tests.PasswordManagerRemoveEntryTest" name="testPasswordManagerRemoveEntry" time="1.253"/>
  <system-out/>
</testsuite> <!-- tests.PasswordManagerRemoveEntryTest -->
