<?xml version="1.0" encoding="UTF-8"?>
<!-- Generated by org.testng.reporters.JUnitReportReporter -->
<testsuite hostname="debian-sleeptowait" failures="0" tests="1" name="tests.PasswordManagerSearchEntryByTagsTest" time="5.704" errors="0" timestamp="2021-11-19T11:41:08 CET" skipped="0">
  <testcase classname="tests.PasswordManagerSearchEntryByTagsTest" name="testPasswordManagerSearchEntryByTags" time="5.704"/>
  <system-out/>
</testsuite> <!-- tests.PasswordManagerSearchEntryByTagsTest -->
